#
# There is insufficient memory for the Java Runtime Environment to continue.
# Native memory allocation (malloc) failed to allocate 261776 bytes for Chunk::new
# Possible reasons:
#   The system is out of physical RAM or swap space
#   The process is running with CompressedOops enabled, and the Java Heap may be blocking the growth of the native heap
# Possible solutions:
#   Reduce memory load on the system
#   Increase physical memory or swap space
#   Check if swap backing store is full
#   Decrease Java heap size (-Xmx/-Xms)
#   Decrease number of Java threads
#   Decrease Java thread stack sizes (-Xss)
#   Set larger code cache with -XX:ReservedCodeCacheSize=
#   JVM is running with Unscaled Compressed Oops mode in which the Java heap is
#     placed in the first 4GB address space. The Java Heap base address is the
#     maximum limit for the native heap growth. Please use -XX:HeapBaseMinAddress
#     to set the Java Heap base and to place the Java Heap above 4GB virtual address.
# This output file may be truncated or incomplete.
#
#  Out of Memory Error (arena.cpp:191), pid=12400, tid=11876
#
# JRE version: OpenJDK Runtime Environment Temurin-17.0.10+7 (17.0.10+7) (build 17.0.10+7)
# Java VM: OpenJDK 64-Bit Server VM Temurin-17.0.10+7 (17.0.10+7, mixed mode, tiered, compressed oops, compressed class ptrs, g1 gc, windows-amd64)
# No core dump will be written. Minidumps are not enabled by default on client versions of Windows
#

---------------  S U M M A R Y ------------

Command Line: -ea -javaagent:C:\Users\TOSHIBA\eclipse\java-2024-03\eclipse\configuration\org.eclipse.osgi\485\0\.cp\jacocoagent.jar=includes=*,excludes=,exclclassloader=sun.reflect.DelegatingClassLoader,output=tcpclient,port=61239 -Dfile.encoding=UTF-8 -Dstdout.encoding=UTF-8 -Dstderr.encoding=UTF-8 -XX:+ShowCodeDetailsInExceptionMessages org.testng.remote.RemoteTestNG -serport 61240 -protocol json -d C:\Users\TOSHIBA\eclipse-workspace\cloudsyCreatesAffaire\test-output C:\Users\TOSHIBA\AppData\Local\Temp\testng-eclipse-535630302\testng-customsuite.xml

Host: Intel(R) Core(TM) i5-2467M CPU @ 1.60GHz, 4 cores, 3G,  Windows 10 , 64 bit Build 19041 (10.0.19041.3636)
Time: Thu Apr 18 11:43:13 2024 Paris, Madrid elapsed time: 15.358717 seconds (0d 0h 0m 15s)

---------------  T H R E A D  ---------------

Current thread (0x00000277ea5d31c0):  JavaThread "C2 CompilerThread0" daemon [_thread_in_native, id=11876, stack(0x000000ff22600000,0x000000ff22700000)]


Current CompileTask:
C2:  15359 3034       4       org.jacoco.agent.rt.internal_4742761.asm.ClassReader::readMethod (1066 bytes)

Stack: [0x000000ff22600000,0x000000ff22700000]
Native frames: (J=compiled Java code, j=interpreted, Vv=VM code, C=native code)
V  [jvm.dll+0x67d2c9]
V  [jvm.dll+0x834afa]
V  [jvm.dll+0x8365be]
V  [jvm.dll+0x836c23]
V  [jvm.dll+0x2477ff]
V  [jvm.dll+0xac514]
V  [jvm.dll+0xacb5c]
V  [jvm.dll+0x566513]
V  [jvm.dll+0x330c29]
V  [jvm.dll+0x33009a]
V  [jvm.dll+0x219ef1]
V  [jvm.dll+0x219311]
V  [jvm.dll+0x1a502d]
V  [jvm.dll+0x2290de]
V  [jvm.dll+0x2272ac]
V  [jvm.dll+0x7e9bb7]
V  [jvm.dll+0x7e3fba]
V  [jvm.dll+0x67c1b5]
C  [ucrtbase.dll+0x21bb2]
C  [KERNEL32.DLL+0x17344]
C  [ntdll.dll+0x526b1]


---------------  P R O C E S S  ---------------

Threads class SMR info:
_java_thread_list=0x00000277f12dc2b0, length=27, elements={
0x00000277d3501810, 0x00000277ea5a9c90, 0x00000277ea5ab010, 0x00000277ea5cf960,
0x00000277ea5d1240, 0x00000277ea5d1c00, 0x00000277ea5d25c0, 0x00000277ea5d31c0,
0x00000277ea78e570, 0x00000277ea62cfe0, 0x00000277ea54d040, 0x00000277eaa25340,
0x00000277ef328f80, 0x00000277ef83dfa0, 0x00000277efd0ed10, 0x00000277f0c68370,
0x00000277efbee950, 0x00000277f00ed860, 0x00000277f06df840, 0x00000277f01c6020,
0x00000277f0719af0, 0x00000277f07195e0, 0x00000277f071aa20, 0x00000277f071af30,
0x00000277f071a000, 0x00000277f071a510, 0x00000277f071b950
}

Java Threads: ( => current thread )
  0x00000277d3501810 JavaThread "main" [_thread_blocked, id=1556, stack(0x000000ff21900000,0x000000ff21a00000)]
  0x00000277ea5a9c90 JavaThread "Reference Handler" daemon [_thread_blocked, id=12876, stack(0x000000ff22000000,0x000000ff22100000)]
  0x00000277ea5ab010 JavaThread "Finalizer" daemon [_thread_blocked, id=12124, stack(0x000000ff22100000,0x000000ff22200000)]
  0x00000277ea5cf960 JavaThread "Signal Dispatcher" daemon [_thread_blocked, id=8700, stack(0x000000ff22200000,0x000000ff22300000)]
  0x00000277ea5d1240 JavaThread "Attach Listener" daemon [_thread_blocked, id=14176, stack(0x000000ff22300000,0x000000ff22400000)]
  0x00000277ea5d1c00 JavaThread "Service Thread" daemon [_thread_blocked, id=8300, stack(0x000000ff22400000,0x000000ff22500000)]
  0x00000277ea5d25c0 JavaThread "Monitor Deflation Thread" daemon [_thread_blocked, id=13980, stack(0x000000ff22500000,0x000000ff22600000)]
=>0x00000277ea5d31c0 JavaThread "C2 CompilerThread0" daemon [_thread_in_native, id=11876, stack(0x000000ff22600000,0x000000ff22700000)]
  0x00000277ea78e570 JavaThread "C1 CompilerThread0" daemon [_thread_blocked, id=12500, stack(0x000000ff22700000,0x000000ff22800000)]
  0x00000277ea62cfe0 JavaThread "Sweeper thread" daemon [_thread_blocked, id=12996, stack(0x000000ff22800000,0x000000ff22900000)]
  0x00000277ea54d040 JavaThread "Common-Cleaner" daemon [_thread_blocked, id=7176, stack(0x000000ff22900000,0x000000ff22a00000)]
  0x00000277eaa25340 JavaThread "org.jacoco.agent.rt.internal_4742761.output.TcpClientOutput" daemon [_thread_in_native, id=14416, stack(0x000000ff22b00000,0x000000ff22c00000)]
  0x00000277ef328f80 JavaThread "Notification Thread" daemon [_thread_blocked, id=5536, stack(0x000000ff22c00000,0x000000ff22d00000)]
  0x00000277ef83dfa0 JavaThread "ReaderThread" [_thread_in_native, id=13188, stack(0x000000ff23200000,0x000000ff23300000)]
  0x00000277efd0ed10 JavaThread "ForkJoinPool.commonPool-worker-1" daemon [_thread_blocked, id=9732, stack(0x000000ff23300000,0x000000ff23400000)]
  0x00000277f0c68370 JavaThread "HttpClient-1-SelectorManager" daemon [_thread_in_native, id=10572, stack(0x000000ff23400000,0x000000ff23500000)]
  0x00000277efbee950 JavaThread "External Process Output Forwarder - C:\Users\TOSHIBA\.cache\selenium\chromedriver\win64\123.0.6312.86\chromedriver.exe" daemon [_thread_in_native, id=11672, stack(0x000000ff23500000,0x000000ff23600000)]
  0x00000277f00ed860 JavaThread "Driver Service Executor" daemon [_thread_blocked, id=14148, stack(0x000000ff23600000,0x000000ff23700000)]
  0x00000277f06df840 JavaThread "Driver Service Executor" daemon [_thread_in_native, id=6976, stack(0x000000ff23700000,0x000000ff23800000)]
  0x00000277f01c6020 JavaThread "UrlChecker-2" daemon [_thread_blocked, id=3456, stack(0x000000ff23800000,0x000000ff23900000)]
  0x00000277f0719af0 JavaThread "JdkHttpClient-0-0" daemon [_thread_blocked, id=9324, stack(0x000000ff23a00000,0x000000ff23b00000)]
  0x00000277f07195e0 JavaThread "JdkHttpClient-0-1" daemon [_thread_blocked, id=10868, stack(0x000000ff23b00000,0x000000ff23c00000)]
  0x00000277f071aa20 JavaThread "JdkHttpClient-0-2" daemon [_thread_blocked, id=7164, stack(0x000000ff23c00000,0x000000ff23d00000)]
  0x00000277f071af30 JavaThread "HttpClient-2-SelectorManager" daemon [_thread_in_native, id=13056, stack(0x000000ff23900000,0x000000ff23a00000)]
  0x00000277f071a000 JavaThread "JdkHttpClient-1-0" daemon [_thread_blocked, id=11664, stack(0x000000ff23d00000,0x000000ff23e00000)]
  0x00000277f071a510 JavaThread "JdkHttpClient-1-1" daemon [_thread_blocked, id=8780, stack(0x000000ff23e00000,0x000000ff23f00000)]
  0x00000277f071b950 JavaThread "JdkHttpClient-1-2" daemon [_thread_blocked, id=14768, stack(0x000000ff23f00000,0x000000ff24000000)]

Other Threads:
  0x00000277ea5a7fd0 VMThread "VM Thread" [stack: 0x000000ff21f00000,0x000000ff22000000] [id=2224]
  0x00000277ef329460 WatcherThread [stack: 0x000000ff22d00000,0x000000ff22e00000] [id=1268]
  0x00000277d353e0e0 GCTaskThread "GC Thread#0" [stack: 0x000000ff21a00000,0x000000ff21b00000] [id=14744]
  0x00000277ef71e3f0 GCTaskThread "GC Thread#1" [stack: 0x000000ff22e00000,0x000000ff22f00000] [id=15332]
  0x00000277ef46f730 GCTaskThread "GC Thread#2" [stack: 0x000000ff22f00000,0x000000ff23000000] [id=8068]
  0x00000277ef548490 GCTaskThread "GC Thread#3" [stack: 0x000000ff23000000,0x000000ff23100000] [id=15160]
  0x00000277d35474d0 ConcurrentGCThread "G1 Main Marker" [stack: 0x000000ff21b00000,0x000000ff21c00000] [id=13132]
  0x00000277d3547ef0 ConcurrentGCThread "G1 Conc#0" [stack: 0x000000ff21c00000,0x000000ff21d00000] [id=1028]
  0x00000277d359b5c0 ConcurrentGCThread "G1 Refine#0" [stack: 0x000000ff21d00000,0x000000ff21e00000] [id=4936]
  0x00000277d359d400 ConcurrentGCThread "G1 Service" [stack: 0x000000ff21e00000,0x000000ff21f00000] [id=14160]

Threads with active compile tasks:
C2 CompilerThread0    15452 3034       4       org.jacoco.agent.rt.internal_4742761.asm.ClassReader::readMethod (1066 bytes)

VM state: not at safepoint (normal execution)

VM Mutex/Monitor currently owned by a thread: None

Heap address: 0x00000000c1800000, size: 1000 MB, Compressed Oops mode: 32-bit

CDS archive(s) not mapped
Compressed class space mapped at: 0x0000000100000000-0x0000000140000000, reserved size: 1073741824
Narrow klass base: 0x0000000000000000, Narrow klass shift: 3, Narrow klass range: 0x140000000

GC Precious Log:
 CPUs: 4 total, 4 available
 Memory: 3996M
 Large Page Support: Disabled
 NUMA Support: Disabled
 Compressed Oops: Enabled (32-bit)
 Heap Region Size: 1M
 Heap Min Capacity: 8M
 Heap Initial Capacity: 64M
 Heap Max Capacity: 1000M
 Pre-touch: Disabled
 Parallel Workers: 4
 Concurrent Workers: 1
 Concurrent Refinement Workers: 4
 Periodic GC: Disabled

Heap:
 garbage-first heap   total 46080K, used 25368K [0x00000000c1800000, 0x0000000100000000)
  region size 1024K, 18 young (18432K), 3 survivors (3072K)
 Metaspace       used 29175K, committed 29504K, reserved 1114112K
  class space    used 3077K, committed 3264K, reserved 1048576K

Heap Regions: E=young(eden), S=young(survivor), O=old, HS=humongous(starts), HC=humongous(continues), CS=collection set, F=free, OA=open archive, CA=closed archive, TAMS=top-at-mark-start (previous, next)
|   0|0x00000000c1800000, 0x00000000c1900000, 0x00000000c1900000|100%| O|  |TAMS 0x00000000c1900000, 0x00000000c1800000| Untracked 
|   1|0x00000000c1900000, 0x00000000c1a00000, 0x00000000c1a00000|100%| O|  |TAMS 0x00000000c1a00000, 0x00000000c1900000| Untracked 
|   2|0x00000000c1a00000, 0x00000000c1b00000, 0x00000000c1b00000|100%| O|  |TAMS 0x00000000c1b00000, 0x00000000c1a00000| Untracked 
|   3|0x00000000c1b00000, 0x00000000c1c00000, 0x00000000c1c00000|100%| O|  |TAMS 0x00000000c1bd7800, 0x00000000c1b00000| Untracked 
|   4|0x00000000c1c00000, 0x00000000c1d00000, 0x00000000c1d00000|100%| O|  |TAMS 0x00000000c1c00000, 0x00000000c1c00000| Untracked 
|   5|0x00000000c1d00000, 0x00000000c1e00000, 0x00000000c1e00000|100%| O|  |TAMS 0x00000000c1d00000, 0x00000000c1d00000| Untracked 
|   6|0x00000000c1e00000, 0x00000000c1f00000, 0x00000000c1f00000|100%| O|  |TAMS 0x00000000c1e00000, 0x00000000c1e00000| Untracked 
|   7|0x00000000c1f00000, 0x00000000c2000000, 0x00000000c2000000|100%| O|  |TAMS 0x00000000c1f00000, 0x00000000c1f00000| Untracked 
|   8|0x00000000c2000000, 0x00000000c2000000, 0x00000000c2100000|  0%| F|  |TAMS 0x00000000c2000000, 0x00000000c2000000| Untracked 
|   9|0x00000000c2100000, 0x00000000c21b5200, 0x00000000c2200000| 70%| O|  |TAMS 0x00000000c2100000, 0x00000000c2100000| Untracked 
|  10|0x00000000c2200000, 0x00000000c2200000, 0x00000000c2300000|  0%| F|  |TAMS 0x00000000c2200000, 0x00000000c2200000| Untracked 
|  11|0x00000000c2300000, 0x00000000c2300000, 0x00000000c2400000|  0%| F|  |TAMS 0x00000000c2300000, 0x00000000c2300000| Untracked 
|  12|0x00000000c2400000, 0x00000000c2400000, 0x00000000c2500000|  0%| F|  |TAMS 0x00000000c2400000, 0x00000000c2400000| Untracked 
|  13|0x00000000c2500000, 0x00000000c2500000, 0x00000000c2600000|  0%| F|  |TAMS 0x00000000c2500000, 0x00000000c2500000| Untracked 
|  14|0x00000000c2600000, 0x00000000c2600000, 0x00000000c2700000|  0%| F|  |TAMS 0x00000000c2600000, 0x00000000c2600000| Untracked 
|  15|0x00000000c2700000, 0x00000000c2711048, 0x00000000c2800000|  6%| S|CS|TAMS 0x00000000c2700000, 0x00000000c2700000| Complete 
|  16|0x00000000c2800000, 0x00000000c2900000, 0x00000000c2900000|100%| S|CS|TAMS 0x00000000c2800000, 0x00000000c2800000| Complete 
|  17|0x00000000c2900000, 0x00000000c2900000, 0x00000000c2a00000|  0%| F|  |TAMS 0x00000000c2900000, 0x00000000c2900000| Untracked 
|  18|0x00000000c2a00000, 0x00000000c2b00000, 0x00000000c2b00000|100%| S|CS|TAMS 0x00000000c2a00000, 0x00000000c2a00000| Complete 
|  19|0x00000000c2b00000, 0x00000000c2b00000, 0x00000000c2c00000|  0%| F|  |TAMS 0x00000000c2b00000, 0x00000000c2b00000| Untracked 
|  20|0x00000000c2c00000, 0x00000000c2c00000, 0x00000000c2d00000|  0%| F|  |TAMS 0x00000000c2c00000, 0x00000000c2c00000| Untracked 
|  21|0x00000000c2d00000, 0x00000000c2d00000, 0x00000000c2e00000|  0%| F|  |TAMS 0x00000000c2d00000, 0x00000000c2d00000| Untracked 
|  22|0x00000000c2e00000, 0x00000000c2e00000, 0x00000000c2f00000|  0%| F|  |TAMS 0x00000000c2e00000, 0x00000000c2e00000| Untracked 
|  23|0x00000000c2f00000, 0x00000000c2f00000, 0x00000000c3000000|  0%| F|  |TAMS 0x00000000c2f00000, 0x00000000c2f00000| Untracked 
|  24|0x00000000c3000000, 0x00000000c3000000, 0x00000000c3100000|  0%| F|  |TAMS 0x00000000c3000000, 0x00000000c3000000| Untracked 
|  25|0x00000000c3100000, 0x00000000c3100000, 0x00000000c3200000|  0%| F|  |TAMS 0x00000000c3100000, 0x00000000c3100000| Untracked 
|  26|0x00000000c3200000, 0x00000000c3200000, 0x00000000c3300000|  0%| F|  |TAMS 0x00000000c3200000, 0x00000000c3200000| Untracked 
|  27|0x00000000c3300000, 0x00000000c3300000, 0x00000000c3400000|  0%| F|  |TAMS 0x00000000c3300000, 0x00000000c3300000| Untracked 
|  28|0x00000000c3400000, 0x00000000c3400000, 0x00000000c3500000|  0%| F|  |TAMS 0x00000000c3400000, 0x00000000c3400000| Untracked 
|  29|0x00000000c3500000, 0x00000000c3500000, 0x00000000c3600000|  0%| F|  |TAMS 0x00000000c3500000, 0x00000000c3500000| Untracked 
|  30|0x00000000c3600000, 0x00000000c368cee0, 0x00000000c3700000| 55%| E|  |TAMS 0x00000000c3600000, 0x00000000c3600000| Complete 
|  31|0x00000000c3700000, 0x00000000c3800000, 0x00000000c3800000|100%| E|CS|TAMS 0x00000000c3700000, 0x00000000c3700000| Complete 
|  32|0x00000000c3800000, 0x00000000c3900000, 0x00000000c3900000|100%| E|CS|TAMS 0x00000000c3800000, 0x00000000c3800000| Complete 
|  33|0x00000000c3900000, 0x00000000c3a00000, 0x00000000c3a00000|100%| E|CS|TAMS 0x00000000c3900000, 0x00000000c3900000| Complete 
|  34|0x00000000c3a00000, 0x00000000c3b00000, 0x00000000c3b00000|100%| E|CS|TAMS 0x00000000c3a00000, 0x00000000c3a00000| Complete 
|  35|0x00000000c3b00000, 0x00000000c3c00000, 0x00000000c3c00000|100%| E|CS|TAMS 0x00000000c3b00000, 0x00000000c3b00000| Complete 
|  36|0x00000000c3c00000, 0x00000000c3d00000, 0x00000000c3d00000|100%| E|CS|TAMS 0x00000000c3c00000, 0x00000000c3c00000| Complete 
|  37|0x00000000c3d00000, 0x00000000c3e00000, 0x00000000c3e00000|100%| E|CS|TAMS 0x00000000c3d00000, 0x00000000c3d00000| Complete 
|  38|0x00000000c3e00000, 0x00000000c3f00000, 0x00000000c3f00000|100%| E|CS|TAMS 0x00000000c3e00000, 0x00000000c3e00000| Complete 
|  39|0x00000000c3f00000, 0x00000000c4000000, 0x00000000c4000000|100%| E|CS|TAMS 0x00000000c3f00000, 0x00000000c3f00000| Complete 
|  40|0x00000000c4000000, 0x00000000c4100000, 0x00000000c4100000|100%| E|CS|TAMS 0x00000000c4000000, 0x00000000c4000000| Complete 
|  41|0x00000000c4100000, 0x00000000c4200000, 0x00000000c4200000|100%| E|CS|TAMS 0x00000000c4100000, 0x00000000c4100000| Complete 
|  42|0x00000000c4200000, 0x00000000c4300000, 0x00000000c4300000|100%| E|CS|TAMS 0x00000000c4200000, 0x00000000c4200000| Complete 
|  62|0x00000000c5600000, 0x00000000c5700000, 0x00000000c5700000|100%| E|CS|TAMS 0x00000000c5600000, 0x00000000c5600000| Complete 
|  63|0x00000000c5700000, 0x00000000c5800000, 0x00000000c5800000|100%| E|CS|TAMS 0x00000000c5700000, 0x00000000c5700000| Complete 

Card table byte_map: [0x00000277e5dc0000,0x00000277e5fc0000] _byte_map_base: 0x00000277e57b4000

Marking Bits (Prev, Next): (CMBitMap*) 0x00000277d353e740, (CMBitMap*) 0x00000277d353e700
 Prev Bits: [0x00000277e7160000, 0x00000277e8100000)
 Next Bits: [0x00000277e61c0000, 0x00000277e7160000)

Polling page: 0x00000277d1360000

Metaspace:

Usage:
  Non-class:     25.49 MB used.
      Class:      3.01 MB used.
       Both:     28.49 MB used.

Virtual space:
  Non-class space:       64.00 MB reserved,      25.62 MB ( 40%) committed,  1 nodes.
      Class space:        1.00 GB reserved,       3.19 MB ( <1%) committed,  1 nodes.
             Both:        1.06 GB reserved,      28.81 MB (  3%) committed. 

Chunk freelists:
   Non-Class:  6.27 MB
       Class:  12.73 MB
        Both:  19.00 MB

MaxMetaspaceSize: unlimited
CompressedClassSpaceSize: 1.00 GB
Initial GC threshold: 21.00 MB
Current GC threshold: 35.25 MB
CDS: off
MetaspaceReclaimPolicy: balanced
 - commit_granule_bytes: 65536.
 - commit_granule_words: 8192.
 - virtual_space_node_default_size: 8388608.
 - enlarge_chunks_in_place: 1.
 - new_chunks_are_fully_committed: 0.
 - uncommit_free_chunks: 1.
 - use_allocation_guard: 0.
 - handle_deallocations: 1.


Internal statistics:

num_allocs_failed_limit: 3.
num_arena_births: 362.
num_arena_deaths: 0.
num_vsnodes_births: 2.
num_vsnodes_deaths: 0.
num_space_committed: 461.
num_space_uncommitted: 0.
num_chunks_returned_to_freelist: 3.
num_chunks_taken_from_freelist: 939.
num_chunk_merges: 0.
num_chunk_splits: 599.
num_chunks_enlarged: 411.
num_inconsistent_stats: 0.

CodeHeap 'non-profiled nmethods': size=120000Kb used=1412Kb max_used=1412Kb free=118587Kb
 bounds [0x00000277de690000, 0x00000277de900000, 0x00000277e5bc0000]
CodeHeap 'profiled nmethods': size=120000Kb used=5494Kb max_used=5494Kb free=114505Kb
 bounds [0x00000277d6bc0000, 0x00000277d7120000, 0x00000277de0f0000]
CodeHeap 'non-nmethods': size=5760Kb used=1244Kb max_used=1282Kb free=4515Kb
 bounds [0x00000277de0f0000, 0x00000277de360000, 0x00000277de690000]
 total_blobs=3598 nmethods=3047 adapters=463
 compilation: enabled
              stopped_count=0, restarted_count=0
 full_count=0

Compilation events (20 events):
Event: 15.074 Thread 0x00000277ea78e570 3056       2       java.util.Collections$UnmodifiableMap$UnmodifiableEntrySet$UnmodifiableEntry::getKey (10 bytes)
Event: 15.074 Thread 0x00000277ea78e570 nmethod 3056 0x00000277d7118e90 code [0x00000277d7119020, 0x00000277d7119148]
Event: 15.074 Thread 0x00000277ea78e570 3063       3       org.openqa.selenium.json.JsonOutput::lambda$asString$34 (67 bytes)
Event: 15.075 Thread 0x00000277ea78e570 nmethod 3063 0x00000277d7119210 code [0x00000277d7119440, 0x00000277d7119c48]
Event: 15.075 Thread 0x00000277ea78e570 3058       1       java.util.stream.ForEachOps$ForEachOp::get (2 bytes)
Event: 15.076 Thread 0x00000277ea78e570 nmethod 3058 0x00000277de7f0590 code [0x00000277de7f0720, 0x00000277de7f07f8]
Event: 15.077 Thread 0x00000277ea78e570 3066       2       java.util.stream.AbstractPipeline::copyIntoWithCancel (46 bytes)
Event: 15.078 Thread 0x00000277ea78e570 nmethod 3066 0x00000277d7119f90 code [0x00000277d711a160, 0x00000277d711a398]
Event: 15.078 Thread 0x00000277ea78e570 3068       2       java.util.concurrent.CompletableFuture::<init> (5 bytes)
Event: 15.078 Thread 0x00000277ea78e570 nmethod 3068 0x00000277d711a510 code [0x00000277d711a6a0, 0x00000277d711a798]
Event: 15.078 Thread 0x00000277ea78e570 3067       2       java.util.Optional::isPresent (13 bytes)
Event: 15.078 Thread 0x00000277ea78e570 nmethod 3067 0x00000277d711a810 code [0x00000277d711a9a0, 0x00000277d711aab8]
Event: 15.080 Thread 0x00000277ea78e570 3069       2       java.lang.invoke.VarHandleGuards::guard_LL_V (125 bytes)
Event: 15.085 Thread 0x00000277ea78e570 nmethod 3069 0x00000277d711ab90 code [0x00000277d711aea0, 0x00000277d711beb8]
Event: 15.125 Thread 0x00000277ea78e570 3071       1       java.util.AbstractList$RandomAccessSpliterator::characteristics (4 bytes)
Event: 15.125 Thread 0x00000277ea78e570 nmethod 3071 0x00000277de7f0b90 code [0x00000277de7f0d20, 0x00000277de7f0df8]
Event: 15.126 Thread 0x00000277ea78e570 3072       2       java.util.HashMap::computeIfAbsent (330 bytes)
Event: 15.127 Thread 0x00000277ea78e570 nmethod 3072 0x00000277d711c810 code [0x00000277d711caa0, 0x00000277d711d4a8]
Event: 15.127 Thread 0x00000277ea78e570 3073       1       java.util.Formatter$FixedString::index (3 bytes)
Event: 15.128 Thread 0x00000277ea78e570 nmethod 3073 0x00000277de7f0e90 code [0x00000277de7f1020, 0x00000277de7f10f8]

GC Heap History (20 events):
Event: 3.336 GC heap before
{Heap before GC invocations=2 (full 0):
 garbage-first heap   total 65536K, used 28062K [0x00000000c1800000, 0x0000000100000000)
  region size 1024K, 25 young (25600K), 1 survivors (1024K)
 Metaspace       used 14360K, committed 14528K, reserved 1114112K
  class space    used 1332K, committed 1408K, reserved 1048576K
}
Event: 3.340 GC heap after
{Heap after GC invocations=3 (full 0):
 garbage-first heap   total 65536K, used 5099K [0x00000000c1800000, 0x0000000100000000)
  region size 1024K, 2 young (2048K), 2 survivors (2048K)
 Metaspace       used 14360K, committed 14528K, reserved 1114112K
  class space    used 1332K, committed 1408K, reserved 1048576K
}
Event: 4.437 GC heap before
{Heap before GC invocations=3 (full 0):
 garbage-first heap   total 65536K, used 41963K [0x00000000c1800000, 0x0000000100000000)
  region size 1024K, 38 young (38912K), 2 survivors (2048K)
 Metaspace       used 17159K, committed 17408K, reserved 1114112K
  class space    used 1677K, committed 1792K, reserved 1048576K
}
Event: 4.442 GC heap after
{Heap after GC invocations=4 (full 0):
 garbage-first heap   total 65536K, used 5953K [0x00000000c1800000, 0x0000000100000000)
  region size 1024K, 2 young (2048K), 2 survivors (2048K)
 Metaspace       used 17159K, committed 17408K, reserved 1114112K
  class space    used 1677K, committed 1792K, reserved 1048576K
}
Event: 5.588 GC heap before
{Heap before GC invocations=4 (full 0):
 garbage-first heap   total 65536K, used 42817K [0x00000000c1800000, 0x0000000100000000)
  region size 1024K, 38 young (38912K), 2 survivors (2048K)
 Metaspace       used 21136K, committed 21376K, reserved 1114112K
  class space    used 2085K, committed 2240K, reserved 1048576K
}
Event: 5.597 GC heap after
{Heap after GC invocations=5 (full 0):
 garbage-first heap   total 65536K, used 8657K [0x00000000c1800000, 0x0000000100000000)
  region size 1024K, 5 young (5120K), 5 survivors (5120K)
 Metaspace       used 21136K, committed 21376K, reserved 1114112K
  class space    used 2085K, committed 2240K, reserved 1048576K
}
Event: 5.651 GC heap before
{Heap before GC invocations=5 (full 0):
 garbage-first heap   total 65536K, used 8657K [0x00000000c1800000, 0x0000000100000000)
  region size 1024K, 6 young (6144K), 5 survivors (5120K)
 Metaspace       used 21284K, committed 21504K, reserved 1114112K
  class space    used 2100K, committed 2240K, reserved 1048576K
}
Event: 5.662 GC heap after
{Heap after GC invocations=6 (full 0):
 garbage-first heap   total 65536K, used 9498K [0x00000000c1800000, 0x0000000100000000)
  region size 1024K, 1 young (1024K), 1 survivors (1024K)
 Metaspace       used 21284K, committed 21504K, reserved 1114112K
  class space    used 2100K, committed 2240K, reserved 1048576K
}
Event: 6.280 GC heap before
{Heap before GC invocations=7 (full 0):
 garbage-first heap   total 37888K, used 28954K [0x00000000c1800000, 0x0000000100000000)
  region size 1024K, 21 young (21504K), 1 survivors (1024K)
 Metaspace       used 22812K, committed 23104K, reserved 1114112K
  class space    used 2284K, committed 2432K, reserved 1048576K
}
Event: 6.282 GC heap after
{Heap after GC invocations=8 (full 0):
 garbage-first heap   total 37888K, used 9466K [0x00000000c1800000, 0x0000000100000000)
  region size 1024K, 1 young (1024K), 1 survivors (1024K)
 Metaspace       used 22812K, committed 23104K, reserved 1114112K
  class space    used 2284K, committed 2432K, reserved 1048576K
}
Event: 6.328 GC heap before
{Heap before GC invocations=8 (full 0):
 garbage-first heap   total 37888K, used 10490K [0x00000000c1800000, 0x0000000100000000)
  region size 1024K, 2 young (2048K), 1 survivors (1024K)
 Metaspace       used 22931K, committed 23232K, reserved 1114112K
  class space    used 2303K, committed 2432K, reserved 1048576K
}
Event: 6.332 GC heap after
{Heap after GC invocations=9 (full 0):
 garbage-first heap   total 37888K, used 9433K [0x00000000c1800000, 0x0000000100000000)
  region size 1024K, 1 young (1024K), 1 survivors (1024K)
 Metaspace       used 22931K, committed 23232K, reserved 1114112K
  class space    used 2303K, committed 2432K, reserved 1048576K
}
Event: 6.721 GC heap before
{Heap before GC invocations=9 (full 0):
 garbage-first heap   total 37888K, used 23769K [0x00000000c1800000, 0x0000000100000000)
  region size 1024K, 16 young (16384K), 1 survivors (1024K)
 Metaspace       used 24986K, committed 25280K, reserved 1114112K
  class space    used 2529K, committed 2624K, reserved 1048576K
}
Event: 6.725 GC heap after
{Heap after GC invocations=10 (full 0):
 garbage-first heap   total 37888K, used 9902K [0x00000000c1800000, 0x0000000100000000)
  region size 1024K, 1 young (1024K), 1 survivors (1024K)
 Metaspace       used 24986K, committed 25280K, reserved 1114112K
  class space    used 2529K, committed 2624K, reserved 1048576K
}
Event: 7.334 GC heap before
{Heap before GC invocations=10 (full 0):
 garbage-first heap   total 37888K, used 26286K [0x00000000c1800000, 0x0000000100000000)
  region size 1024K, 17 young (17408K), 1 survivors (1024K)
 Metaspace       used 26582K, committed 26944K, reserved 1114112K
  class space    used 2761K, committed 2944K, reserved 1048576K
}
Event: 7.340 GC heap after
{Heap after GC invocations=11 (full 0):
 garbage-first heap   total 37888K, used 10301K [0x00000000c1800000, 0x0000000100000000)
  region size 1024K, 2 young (2048K), 2 survivors (2048K)
 Metaspace       used 26582K, committed 26944K, reserved 1114112K
  class space    used 2761K, committed 2944K, reserved 1048576K
}
Event: 7.594 GC heap before
{Heap before GC invocations=11 (full 0):
 garbage-first heap   total 37888K, used 25661K [0x00000000c1800000, 0x0000000100000000)
  region size 1024K, 18 young (18432K), 2 survivors (2048K)
 Metaspace       used 27350K, committed 27648K, reserved 1114112K
  class space    used 2845K, committed 3008K, reserved 1048576K
}
Event: 7.598 GC heap after
{Heap after GC invocations=12 (full 0):
 garbage-first heap   total 37888K, used 10504K [0x00000000c1800000, 0x0000000100000000)
  region size 1024K, 2 young (2048K), 2 survivors (2048K)
 Metaspace       used 27350K, committed 27648K, reserved 1114112K
  class space    used 2845K, committed 3008K, reserved 1048576K
}
Event: 12.859 GC heap before
{Heap before GC invocations=12 (full 0):
 garbage-first heap   total 37888K, used 26888K [0x00000000c1800000, 0x0000000100000000)
  region size 1024K, 19 young (19456K), 2 survivors (2048K)
 Metaspace       used 28441K, committed 28800K, reserved 1114112K
  class space    used 2994K, committed 3136K, reserved 1048576K
}
Event: 12.864 GC heap after
{Heap after GC invocations=13 (full 0):
 garbage-first heap   total 46080K, used 11032K [0x00000000c1800000, 0x0000000100000000)
  region size 1024K, 3 young (3072K), 3 survivors (3072K)
 Metaspace       used 28441K, committed 28800K, reserved 1114112K
  class space    used 2994K, committed 3136K, reserved 1048576K
}

Dll operation events (10 events):
Event: 0.026 Loaded shared library C:\Users\TOSHIBA\.p2\pool\plugins\org.eclipse.justj.openjdk.hotspot.jre.full.win32.x86_64_17.0.10.v20240120-1143\jre\bin\java.dll
Event: 0.558 Loaded shared library C:\Users\TOSHIBA\.p2\pool\plugins\org.eclipse.justj.openjdk.hotspot.jre.full.win32.x86_64_17.0.10.v20240120-1143\jre\bin\zip.dll
Event: 0.566 Loaded shared library C:\Users\TOSHIBA\.p2\pool\plugins\org.eclipse.justj.openjdk.hotspot.jre.full.win32.x86_64_17.0.10.v20240120-1143\jre\bin\instrument.dll
Event: 0.596 Loaded shared library C:\Users\TOSHIBA\.p2\pool\plugins\org.eclipse.justj.openjdk.hotspot.jre.full.win32.x86_64_17.0.10.v20240120-1143\jre\bin\net.dll
Event: 0.600 Loaded shared library C:\Users\TOSHIBA\.p2\pool\plugins\org.eclipse.justj.openjdk.hotspot.jre.full.win32.x86_64_17.0.10.v20240120-1143\jre\bin\nio.dll
Event: 0.620 Loaded shared library C:\Users\TOSHIBA\.p2\pool\plugins\org.eclipse.justj.openjdk.hotspot.jre.full.win32.x86_64_17.0.10.v20240120-1143\jre\bin\zip.dll
Event: 0.770 Loaded shared library C:\Users\TOSHIBA\.p2\pool\plugins\org.eclipse.justj.openjdk.hotspot.jre.full.win32.x86_64_17.0.10.v20240120-1143\jre\bin\verify.dll
Event: 0.888 Loaded shared library C:\Users\TOSHIBA\.p2\pool\plugins\org.eclipse.justj.openjdk.hotspot.jre.full.win32.x86_64_17.0.10.v20240120-1143\jre\bin\extnet.dll
Event: 0.949 Loaded shared library C:\Users\TOSHIBA\.p2\pool\plugins\org.eclipse.justj.openjdk.hotspot.jre.full.win32.x86_64_17.0.10.v20240120-1143\jre\bin\jimage.dll
Event: 6.524 Loaded shared library C:\Users\TOSHIBA\.p2\pool\plugins\org.eclipse.justj.openjdk.hotspot.jre.full.win32.x86_64_17.0.10.v20240120-1143\jre\bin\sunmscapi.dll

Deoptimization events (20 events):
Event: 12.722 Thread 0x00000277d3501810 Uncommon trap: trap_request=0xffffffbe fr.pc=0x00000277de7ca8e0 relative=0x0000000000000de0
Event: 12.722 Thread 0x00000277d3501810 Uncommon trap: reason=profile_predicate action=maybe_recompile pc=0x00000277de7ca8e0 method=org.jacoco.agent.rt.internal_4742761.asm.MethodWriter.putFrame()V @ 253 c2
Event: 12.723 Thread 0x00000277d3501810 DEOPT PACKING pc=0x00000277de7ca8e0 sp=0x000000ff219f9f40
Event: 12.723 Thread 0x00000277d3501810 DEOPT UNPACKING pc=0x00000277de1469a3 sp=0x000000ff219f9ec0 mode 2
Event: 13.348 Thread 0x00000277d3501810 Uncommon trap: trap_request=0xffffff45 fr.pc=0x00000277de78e904 relative=0x0000000000000944
Event: 13.348 Thread 0x00000277d3501810 Uncommon trap: reason=unstable_if action=reinterpret pc=0x00000277de78e904 method=org.jacoco.agent.rt.internal_4742761.asm.Frame.getAbstractTypeFromDescriptor(Lorg/jacoco/agent/rt/internal_4742761/asm/SymbolTable;Ljava/lang/String;I)I @ 189 c2
Event: 13.348 Thread 0x00000277d3501810 DEOPT PACKING pc=0x00000277de78e904 sp=0x000000ff219fb240
Event: 13.348 Thread 0x00000277d3501810 DEOPT UNPACKING pc=0x00000277de1469a3 sp=0x000000ff219fb220 mode 2
Event: 13.348 Thread 0x00000277d3501810 Uncommon trap: trap_request=0xffffff45 fr.pc=0x00000277de7c69a8 relative=0x0000000000002228
Event: 13.348 Thread 0x00000277d3501810 Uncommon trap: reason=unstable_if action=reinterpret pc=0x00000277de7c69a8 method=org.jacoco.agent.rt.internal_4742761.asm.Frame.putAbstractType(Lorg/jacoco/agent/rt/internal_4742761/asm/SymbolTable;ILorg/jacoco/agent/rt/internal_4742761/asm/ByteVector;)V
Event: 13.348 Thread 0x00000277d3501810 DEOPT PACKING pc=0x00000277de7c69a8 sp=0x000000ff219fb1d0
Event: 13.348 Thread 0x00000277d3501810 DEOPT UNPACKING pc=0x00000277de1469a3 sp=0x000000ff219fb1c8 mode 2
Event: 13.365 Thread 0x00000277ef83dfa0 Uncommon trap: trap_request=0xffffff45 fr.pc=0x00000277de797610 relative=0x00000000000010d0
Event: 13.365 Thread 0x00000277ef83dfa0 Uncommon trap: reason=unstable_if action=reinterpret pc=0x00000277de797610 method=java.io.BufferedReader.readLine(Z[Z)Ljava/lang/String; @ 22 c2
Event: 13.365 Thread 0x00000277ef83dfa0 DEOPT PACKING pc=0x00000277de797610 sp=0x000000ff232feec0
Event: 13.365 Thread 0x00000277ef83dfa0 DEOPT UNPACKING pc=0x00000277de1469a3 sp=0x000000ff232fee60 mode 2
Event: 14.988 Thread 0x00000277d3501810 Uncommon trap: trap_request=0xffffff45 fr.pc=0x00000277de7ed4e4 relative=0x00000000000002a4
Event: 14.988 Thread 0x00000277d3501810 Uncommon trap: reason=unstable_if action=reinterpret pc=0x00000277de7ed4e4 method=org.jacoco.agent.rt.internal_4742761.asm.AnnotationWriter.putAnnotations(Lorg/jacoco/agent/rt/internal_4742761/asm/SymbolTable;Lorg/jacoco/agent/rt/internal_4742761/asm/Anno
Event: 14.988 Thread 0x00000277d3501810 DEOPT PACKING pc=0x00000277de7ed4e4 sp=0x000000ff219f5b40
Event: 14.989 Thread 0x00000277d3501810 DEOPT UNPACKING pc=0x00000277de1469a3 sp=0x000000ff219f5af0 mode 2

Classes unloaded (0 events):
No events

Classes redefined (0 events):
No events

Internal exceptions (20 events):
Event: 6.888 Thread 0x00000277d3501810 Exception <a 'java/lang/NoSuchMethodError'{0x00000000c389e8a0}: 'java.lang.Object java.lang.invoke.DirectMethodHandle$Holder.invokeStaticInit(java.lang.Object, java.lang.Object, long, java.lang.Object)'> (0x00000000c389e8a0) 
thrown [s\src\hotspot\share\interpreter\linkResolver.cpp, line 759]
Event: 6.897 Thread 0x00000277d3501810 Exception <a 'java/lang/NoSuchMethodError'{0x00000000c38a4e20}: 'java.lang.Object java.lang.invoke.DirectMethodHandle$Holder.newInvokeSpecial(java.lang.Object, java.lang.Object, long)'> (0x00000000c38a4e20) 
thrown [s\src\hotspot\share\interpreter\linkResolver.cpp, line 759]
Event: 6.947 Thread 0x00000277f01c6020 Exception <a 'java/net/ConnectException'{0x00000000c3779a78}: Connection refused: no further information> (0x00000000c3779a78) 
thrown [s\src\hotspot\share\prims\jni.cpp, line 535]
Event: 6.947 Thread 0x00000277f01c6020 Exception <a 'java/net/SocketException'{0x00000000c3779db0}: Socket is not connected: shutdown> (0x00000000c3779db0) 
thrown [s\src\hotspot\share\prims\jni.cpp, line 535]
Event: 6.968 Thread 0x00000277f01c6020 Exception <a 'java/net/ConnectException'{0x00000000c377b738}: Connection refused: no further information> (0x00000000c377b738) 
thrown [s\src\hotspot\share\prims\jni.cpp, line 535]
Event: 6.968 Thread 0x00000277f01c6020 Exception <a 'java/net/SocketException'{0x00000000c377ba70}: Socket is not connected: shutdown> (0x00000000c377ba70) 
thrown [s\src\hotspot\share\prims\jni.cpp, line 535]
Event: 7.002 Thread 0x00000277f01c6020 Exception <a 'java/net/ConnectException'{0x00000000c377c998}: Connection refused: no further information> (0x00000000c377c998) 
thrown [s\src\hotspot\share\prims\jni.cpp, line 535]
Event: 7.002 Thread 0x00000277f01c6020 Exception <a 'java/net/SocketException'{0x00000000c377ccd0}: Socket is not connected: shutdown> (0x00000000c377ccd0) 
thrown [s\src\hotspot\share\prims\jni.cpp, line 535]
Event: 7.115 Thread 0x00000277d3501810 Exception <a 'java/lang/NoSuchMethodError'{0x00000000c35dbbe0}: 'double java.lang.invoke.DirectMethodHandle$Holder.invokeVirtual(java.lang.Object, java.lang.Object)'> (0x00000000c35dbbe0) 
thrown [s\src\hotspot\share\interpreter\linkResolver.cpp, line 759]
Event: 7.116 Thread 0x00000277d3501810 Exception <a 'java/lang/NoSuchMethodError'{0x00000000c35e2388}: 'float java.lang.invoke.DirectMethodHandle$Holder.invokeVirtual(java.lang.Object, java.lang.Object)'> (0x00000000c35e2388) 
thrown [s\src\hotspot\share\interpreter\linkResolver.cpp, line 759]
Event: 7.117 Thread 0x00000277d3501810 Exception <a 'java/lang/NoSuchMethodError'{0x00000000c35eb368}: 'long java.lang.invoke.DirectMethodHandle$Holder.invokeVirtual(java.lang.Object, java.lang.Object)'> (0x00000000c35eb368) 
thrown [s\src\hotspot\share\interpreter\linkResolver.cpp, line 759]
Event: 7.202 Thread 0x00000277d3501810 Exception <a 'java/lang/NoSuchMethodError'{0x00000000c32e2470}: 'java.lang.Object java.lang.invoke.DirectMethodHandle$Holder.newInvokeSpecial(java.lang.Object, java.lang.Object, int, int)'> (0x00000000c32e2470) 
thrown [s\src\hotspot\share\interpreter\linkResolver.cpp, line 759]
Event: 7.205 Thread 0x00000277d3501810 Exception <a 'java/lang/NoSuchMethodError'{0x00000000c32ed200}: 'void java.lang.invoke.DirectMethodHandle$Holder.invokeStatic(java.lang.Object, java.lang.Object, int)'> (0x00000000c32ed200) 
thrown [s\src\hotspot\share\interpreter\linkResolver.cpp, line 759]
Event: 7.440 Thread 0x00000277f0719af0 Exception <a 'java/lang/NoSuchMethodError'{0x00000000c366fb98}: 'java.lang.Object java.lang.invoke.DirectMethodHandle$Holder.invokeSpecial(java.lang.Object, java.lang.Object, java.lang.Object, java.lang.Object, int)'> (0x00000000c366fb98) 
thrown [s\src\hotspot\share\interpreter\linkResolver.cpp, line 759]
Event: 7.441 Thread 0x00000277f0719af0 Exception <a 'java/lang/NoSuchMethodError'{0x00000000c3673760}: 'java.lang.Object java.lang.invoke.Invokers$Holder.linkToTargetMethod(java.lang.Object, java.lang.Object, int, java.lang.Object)'> (0x00000000c3673760) 
thrown [s\src\hotspot\share\interpreter\linkResolver.cpp, line 759]
Event: 7.560 Thread 0x00000277f0719af0 Exception <a 'java/lang/NoSuchMethodError'{0x00000000c2fef320}: 'void java.lang.invoke.DirectMethodHandle$Holder.invokeSpecial(java.lang.Object, java.lang.Object, java.lang.Object, java.lang.Object, java.lang.Object)'> (0x00000000c2fef320) 
thrown [s\src\hotspot\share\interpreter\linkResolver.cpp, line 759]
Event: 12.296 Thread 0x00000277f0719af0 Exception <a 'java/lang/NoSuchMethodError'{0x00000000c3acf3b0}: 'java.lang.Object java.lang.invoke.DirectMethodHandle$Holder.newInvokeSpecial(java.lang.Object, java.lang.Object, long, java.lang.Object, java.lang.Object, java.lang.Object)'> (0x00000000c3acf3b0) 
thrown [s\src\hotspot\share\interpreter\linkResolver.cpp, line 759]
Event: 12.324 Thread 0x00000277f0719af0 Exception <a 'java/lang/NoSuchMethodError'{0x00000000c3938238}: 'void java.lang.invoke.DirectMethodHandle$Holder.invokeSpecial(java.lang.Object, java.lang.Object, java.lang.Object, java.lang.Object, java.lang.Object, java.lang.Object, java.lang.Object)'> (0x00000000c3938238) 
thrown [s\src\hotspot\share\interpreter\linkResolver.cpp, line 759]
Event: 12.442 Thread 0x00000277d3501810 Exception <a 'java/lang/NoSuchMethodError'{0x00000000c386f8e0}: 'java.lang.Object java.lang.invoke.DirectMethodHandle$Holder.invokeSpecialIFC(java.lang.Object, java.lang.Object, java.lang.Object)'> (0x00000000c386f8e0) 
thrown [s\src\hotspot\share\interpreter\linkResolver.cpp, line 759]
Event: 13.289 Thread 0x00000277d3501810 Exception <a 'java/lang/NoSuchMethodError'{0x00000000c3cd8a08}: 'void java.lang.invoke.DirectMethodHandle$Holder.invokeInterface(java.lang.Object, java.lang.Object)'> (0x00000000c3cd8a08) 
thrown [s\src\hotspot\share\interpreter\linkResolver.cpp, line 759]

VM Operations (20 events):
Event: 6.721 Executing VM operation: G1CollectForAllocation
Event: 6.725 Executing VM operation: G1CollectForAllocation done
Event: 7.051 Executing VM operation: HandshakeAllThreads
Event: 7.051 Executing VM operation: HandshakeAllThreads done
Event: 7.058 Executing VM operation: HandshakeAllThreads
Event: 7.058 Executing VM operation: HandshakeAllThreads done
Event: 7.334 Executing VM operation: G1CollectForAllocation
Event: 7.340 Executing VM operation: G1CollectForAllocation done
Event: 7.594 Executing VM operation: G1CollectForAllocation
Event: 7.599 Executing VM operation: G1CollectForAllocation done
Event: 8.608 Executing VM operation: Cleanup
Event: 8.608 Executing VM operation: Cleanup done
Event: 12.164 Executing VM operation: HandshakeAllThreads
Event: 12.164 Executing VM operation: HandshakeAllThreads done
Event: 12.859 Executing VM operation: G1CollectForAllocation
Event: 12.865 Executing VM operation: G1CollectForAllocation done
Event: 13.576 Executing VM operation: HandshakeAllThreads
Event: 13.576 Executing VM operation: HandshakeAllThreads done
Event: 14.586 Executing VM operation: Cleanup
Event: 14.587 Executing VM operation: Cleanup done

Events (20 events):
Event: 12.219 loading class java/util/stream/Sink$OfLong done
Event: 12.219 loading class java/util/stream/FindOps$FindSink$OfLong done
Event: 12.219 loading class java/util/OptionalLong
Event: 12.220 loading class java/util/OptionalLong done
Event: 12.279 loading class java/util/stream/ReferencePipeline$5$1
Event: 12.279 loading class java/util/stream/ReferencePipeline$5$1 done
Event: 12.418 loading class java/math/MathContext
Event: 12.418 loading class java/math/MathContext done
Event: 12.700 Thread 0x00000277f071af30 Thread added: 0x00000277f071af30
Event: 12.702 Thread 0x00000277f071a000 Thread added: 0x00000277f071a000
Event: 12.711 Thread 0x00000277f071a510 Thread added: 0x00000277f071a510
Event: 12.732 loading class java/util/concurrent/locks/ReentrantReadWriteLock$FairSync
Event: 12.733 loading class java/util/concurrent/locks/ReentrantReadWriteLock$FairSync done
Event: 12.776 Thread 0x00000277f071b950 Thread added: 0x00000277f071b950
Event: 12.780 loading class sun/net/www/HeaderParser
Event: 12.781 loading class sun/net/www/HeaderParser done
Event: 13.362 loading class jdk/internal/reflect/UnsafeLongFieldAccessorImpl
Event: 13.363 loading class jdk/internal/reflect/UnsafeLongFieldAccessorImpl done
Event: 14.967 loading class java/time/Clock$SystemClock
Event: 14.968 loading class java/time/Clock$SystemClock done


Dynamic libraries:
0x00007ff661950000 - 0x00007ff66195e000 	C:\Users\TOSHIBA\.p2\pool\plugins\org.eclipse.justj.openjdk.hotspot.jre.full.win32.x86_64_17.0.10.v20240120-1143\jre\bin\javaw.exe
0x00007ff9eb830000 - 0x00007ff9eba28000 	C:\Windows\SYSTEM32\ntdll.dll
0x00007ff9dde00000 - 0x00007ff9dde19000 	C:\Program Files\Avast Software\Avast\aswhook.dll
0x00007ff9e9b90000 - 0x00007ff9e9c4d000 	C:\Windows\System32\KERNEL32.DLL
0x00007ff9e8ee0000 - 0x00007ff9e91d6000 	C:\Windows\System32\KERNELBASE.dll
0x00007ff9e9390000 - 0x00007ff9e9490000 	C:\Windows\System32\ucrtbase.dll
0x00007ff9dfd30000 - 0x00007ff9dfd47000 	C:\Users\TOSHIBA\.p2\pool\plugins\org.eclipse.justj.openjdk.hotspot.jre.full.win32.x86_64_17.0.10.v20240120-1143\jre\bin\jli.dll
0x00007ff9e9870000 - 0x00007ff9e9a0e000 	C:\Windows\System32\USER32.dll
0x00007ff9e9490000 - 0x00007ff9e94b2000 	C:\Windows\System32\win32u.dll
0x00007ff9ea850000 - 0x00007ff9ea87b000 	C:\Windows\System32\GDI32.dll
0x00007ff9e94f0000 - 0x00007ff9e9607000 	C:\Windows\System32\gdi32full.dll
0x00007ff9e97c0000 - 0x00007ff9e985d000 	C:\Windows\System32\msvcp_win.dll
0x00007ff9d6670000 - 0x00007ff9d668b000 	C:\Users\TOSHIBA\.p2\pool\plugins\org.eclipse.justj.openjdk.hotspot.jre.full.win32.x86_64_17.0.10.v20240120-1143\jre\bin\VCRUNTIME140.dll
0x00007ff9d3b30000 - 0x00007ff9d3dca000 	C:\Windows\WinSxS\amd64_microsoft.windows.common-controls_6595b64144ccf1df_6.0.19041.3636_none_60b6a03d71f818d5\COMCTL32.dll
0x00007ff9eb190000 - 0x00007ff9eb22e000 	C:\Windows\System32\msvcrt.dll
0x00007ff9ea690000 - 0x00007ff9ea6c2000 	C:\Windows\System32\IMM32.DLL
0x00007ff9e2df0000 - 0x00007ff9e2dfc000 	C:\Users\TOSHIBA\.p2\pool\plugins\org.eclipse.justj.openjdk.hotspot.jre.full.win32.x86_64_17.0.10.v20240120-1143\jre\bin\vcruntime140_1.dll
0x00007ff9bfd50000 - 0x00007ff9bfddd000 	C:\Users\TOSHIBA\.p2\pool\plugins\org.eclipse.justj.openjdk.hotspot.jre.full.win32.x86_64_17.0.10.v20240120-1143\jre\bin\msvcp140.dll
0x00007ff976080000 - 0x00007ff976ce2000 	C:\Users\TOSHIBA\.p2\pool\plugins\org.eclipse.justj.openjdk.hotspot.jre.full.win32.x86_64_17.0.10.v20240120-1143\jre\bin\server\jvm.dll
0x00007ff9ea7a0000 - 0x00007ff9ea850000 	C:\Windows\System32\ADVAPI32.dll
0x00007ff9eb4b0000 - 0x00007ff9eb550000 	C:\Windows\System32\sechost.dll
0x00007ff9eb230000 - 0x00007ff9eb355000 	C:\Windows\System32\RPCRT4.dll
0x00007ff9e94c0000 - 0x00007ff9e94e7000 	C:\Windows\System32\bcrypt.dll
0x00007ff9e8480000 - 0x00007ff9e84cb000 	C:\Windows\SYSTEM32\POWRPROF.dll
0x00007ff9dca10000 - 0x00007ff9dca19000 	C:\Windows\SYSTEM32\WSOCK32.dll
0x00007ff9e9cb0000 - 0x00007ff9e9d1b000 	C:\Windows\System32\WS2_32.dll
0x00007ff9d3180000 - 0x00007ff9d31a7000 	C:\Windows\SYSTEM32\WINMM.dll
0x00007ff9dbff0000 - 0x00007ff9dbffa000 	C:\Windows\SYSTEM32\VERSION.dll
0x00007ff9e82f0000 - 0x00007ff9e8302000 	C:\Windows\SYSTEM32\UMPDC.dll
0x00007ff9e6d90000 - 0x00007ff9e6da2000 	C:\Windows\SYSTEM32\kernel.appcore.dll
0x00007ff9e0970000 - 0x00007ff9e097a000 	C:\Users\TOSHIBA\.p2\pool\plugins\org.eclipse.justj.openjdk.hotspot.jre.full.win32.x86_64_17.0.10.v20240120-1143\jre\bin\jimage.dll
0x00007ff9e0730000 - 0x00007ff9e0914000 	C:\Windows\SYSTEM32\DBGHELP.DLL
0x00007ff9e04a0000 - 0x00007ff9e04d4000 	C:\Windows\SYSTEM32\dbgcore.DLL
0x00007ff9e9610000 - 0x00007ff9e9692000 	C:\Windows\System32\bcryptPrimitives.dll
0x00007ff9e2d80000 - 0x00007ff9e2d8e000 	C:\Users\TOSHIBA\.p2\pool\plugins\org.eclipse.justj.openjdk.hotspot.jre.full.win32.x86_64_17.0.10.v20240120-1143\jre\bin\instrument.dll
0x00007ff9d5800000 - 0x00007ff9d5825000 	C:\Users\TOSHIBA\.p2\pool\plugins\org.eclipse.justj.openjdk.hotspot.jre.full.win32.x86_64_17.0.10.v20240120-1143\jre\bin\java.dll
0x00007ff9df710000 - 0x00007ff9df728000 	C:\Users\TOSHIBA\.p2\pool\plugins\org.eclipse.justj.openjdk.hotspot.jre.full.win32.x86_64_17.0.10.v20240120-1143\jre\bin\zip.dll
0x00007ff9ea880000 - 0x00007ff9eafeb000 	C:\Windows\System32\SHELL32.dll
0x00007ff9e6f90000 - 0x00007ff9e772e000 	C:\Windows\SYSTEM32\windows.storage.dll
0x00007ff9ea330000 - 0x00007ff9ea683000 	C:\Windows\System32\combase.dll
0x00007ff9e8910000 - 0x00007ff9e893e000 	C:\Windows\SYSTEM32\Wldp.dll
0x00007ff9eb3e0000 - 0x00007ff9eb4ad000 	C:\Windows\System32\OLEAUT32.dll
0x00007ff9ea6f0000 - 0x00007ff9ea79d000 	C:\Windows\System32\SHCORE.dll
0x00007ff9e9b30000 - 0x00007ff9e9b85000 	C:\Windows\System32\shlwapi.dll
0x00007ff9e8e10000 - 0x00007ff9e8e35000 	C:\Windows\SYSTEM32\profapi.dll
0x00007ff9dd270000 - 0x00007ff9dd289000 	C:\Users\TOSHIBA\.p2\pool\plugins\org.eclipse.justj.openjdk.hotspot.jre.full.win32.x86_64_17.0.10.v20240120-1143\jre\bin\net.dll
0x00007ff9de2c0000 - 0x00007ff9de3ca000 	C:\Windows\SYSTEM32\WINHTTP.dll
0x00007ff9e8670000 - 0x00007ff9e86da000 	C:\Windows\system32\mswsock.dll
0x00007ff9d61d0000 - 0x00007ff9d61e6000 	C:\Users\TOSHIBA\.p2\pool\plugins\org.eclipse.justj.openjdk.hotspot.jre.full.win32.x86_64_17.0.10.v20240120-1143\jre\bin\nio.dll
0x00007ff9e03f0000 - 0x00007ff9e0400000 	C:\Users\TOSHIBA\.p2\pool\plugins\org.eclipse.justj.openjdk.hotspot.jre.full.win32.x86_64_17.0.10.v20240120-1143\jre\bin\verify.dll
0x00007ff9d4880000 - 0x00007ff9d4897000 	C:\Windows\system32\napinsp.dll
0x00007ff9d48a0000 - 0x00007ff9d48bb000 	C:\Windows\system32\pnrpnsp.dll
0x00007ff9d48c0000 - 0x00007ff9d48d5000 	C:\Windows\system32\wshbth.dll
0x00007ff9e2e20000 - 0x00007ff9e2e3d000 	C:\Windows\system32\NLAapi.dll
0x00007ff9e8310000 - 0x00007ff9e834b000 	C:\Windows\SYSTEM32\IPHLPAPI.DLL
0x00007ff9e8350000 - 0x00007ff9e841b000 	C:\Windows\SYSTEM32\DNSAPI.dll
0x00007ff9eaff0000 - 0x00007ff9eaff8000 	C:\Windows\System32\NSI.dll
0x00007ff9d48e0000 - 0x00007ff9d48f2000 	C:\Windows\System32\winrnr.dll
0x00007ff9dde30000 - 0x00007ff9dde3a000 	C:\Windows\System32\rasadhlp.dll
0x00007ff9ddee0000 - 0x00007ff9ddf60000 	C:\Windows\System32\fwpuclnt.dll
0x00007ff9df740000 - 0x00007ff9df757000 	C:\Windows\SYSTEM32\dhcpcsvc6.DLL
0x00007ff9dfca0000 - 0x00007ff9dfcbd000 	C:\Windows\SYSTEM32\dhcpcsvc.DLL
0x00007ff9e0040000 - 0x00007ff9e0049000 	C:\Users\TOSHIBA\.p2\pool\plugins\org.eclipse.justj.openjdk.hotspot.jre.full.win32.x86_64_17.0.10.v20240120-1143\jre\bin\extnet.dll
0x00007ff9e8860000 - 0x00007ff9e8878000 	C:\Windows\SYSTEM32\CRYPTSP.dll
0x00007ff9e7f30000 - 0x00007ff9e7f64000 	C:\Windows\system32\rsaenh.dll
0x00007ff9e8dd0000 - 0x00007ff9e8dfe000 	C:\Windows\SYSTEM32\USERENV.dll
0x00007ff9e8880000 - 0x00007ff9e888c000 	C:\Windows\SYSTEM32\CRYPTBASE.dll
0x00007ff9e0130000 - 0x00007ff9e013e000 	C:\Users\TOSHIBA\.p2\pool\plugins\org.eclipse.justj.openjdk.hotspot.jre.full.win32.x86_64_17.0.10.v20240120-1143\jre\bin\sunmscapi.dll
0x00007ff9e91e0000 - 0x00007ff9e933d000 	C:\Windows\System32\CRYPT32.dll
0x00007ff9e8980000 - 0x00007ff9e89a8000 	C:\Windows\SYSTEM32\ncrypt.dll
0x00007ff9e8940000 - 0x00007ff9e897b000 	C:\Windows\SYSTEM32\NTASN1.dll
0x00007ff9deb10000 - 0x00007ff9deb17000 	C:\Windows\system32\wshunix.dll

dbghelp: loaded successfully - version: 4.0.5 - missing functions: none
symbol engine: initialized successfully - sym options: 0x614 - pdb path: .;C:\Users\TOSHIBA\.p2\pool\plugins\org.eclipse.justj.openjdk.hotspot.jre.full.win32.x86_64_17.0.10.v20240120-1143\jre\bin;C:\Windows\SYSTEM32;C:\Program Files\Avast Software\Avast;C:\Windows\WinSxS\amd64_microsoft.windows.common-controls_6595b64144ccf1df_6.0.19041.3636_none_60b6a03d71f818d5;C:\Users\TOSHIBA\.p2\pool\plugins\org.eclipse.justj.openjdk.hotspot.jre.full.win32.x86_64_17.0.10.v20240120-1143\jre\bin\server

VM Arguments:
jvm_args: -ea -javaagent:C:\Users\TOSHIBA\eclipse\java-2024-03\eclipse\configuration\org.eclipse.osgi\485\0\.cp\jacocoagent.jar=includes=*,excludes=,exclclassloader=sun.reflect.DelegatingClassLoader,output=tcpclient,port=61239 -Dfile.encoding=UTF-8 -Dstdout.encoding=UTF-8 -Dstderr.encoding=UTF-8 -XX:+ShowCodeDetailsInExceptionMessages 
java_command: org.testng.remote.RemoteTestNG -serport 61240 -protocol json -d C:\Users\TOSHIBA\eclipse-workspace\cloudsyCreatesAffaire\test-output C:\Users\TOSHIBA\AppData\Local\Temp\testng-eclipse-535630302\testng-customsuite.xml
java_class_path (initial): C:\Users\TOSHIBA\eclipse\java-2024-03\eclipse\configuration\org.eclipse.osgi\527\0\.cp\lib\testng-remote.jar;C:\Users\TOSHIBA\eclipse-workspace\cloudsyCreatesAffaire\target\test-classes;C:\Users\TOSHIBA\eclipse-workspace\cloudsyCreatesAffaire\target\classes;C:\Users\TOSHIBA\.m2\repository\org\testng\testng\7.9.0\testng-7.9.0.jar;C:\Users\TOSHIBA\.m2\repository\org\slf4j\slf4j-api\1.7.36\slf4j-api-1.7.36.jar;C:\Users\TOSHIBA\.m2\repository\com\beust\jcommander\1.82\jcommander-1.82.jar;C:\Users\TOSHIBA\.m2\repository\org\webjars\jquery\3.7.1\jquery-3.7.1.jar;C:\Users\TOSHIBA\.m2\repository\org\seleniumhq\selenium\selenium-java\4.19.1\selenium-java-4.19.1.jar;C:\Users\TOSHIBA\.m2\repository\org\seleniumhq\selenium\selenium-api\4.19.1\selenium-api-4.19.1.jar;C:\Users\TOSHIBA\.m2\repository\org\seleniumhq\selenium\selenium-chrome-driver\4.19.1\selenium-chrome-driver-4.19.1.jar;C:\Users\TOSHIBA\.m2\repository\com\google\auto\service\auto-service-annotations\1.1.1\auto-service-annotations-1.1.1.jar;C:\Users\TOSHIBA\.m2\repository\org\seleniumhq\selenium\selenium-chromium-driver\4.19.1\selenium-chromium-driver-4.19.1.jar;C:\Users\TOSHIBA\.m2\repository\org\seleniumhq\selenium\selenium-json\4.19.1\selenium-json-4.19.1.jar;C:\Users\TOSHIBA\.m2\repository\org\seleniumhq\selenium\selenium-manager\4.19.1\selenium-manager-4.19.1.jar;C:\Users\TOSHIBA\.m2\repository\org\seleniumhq\selenium\selenium-devtools-v121\4.19.1\selenium-devtools-v121-4.19.1.jar;C:\Users\TOSHIBA\.m2\repository\org\seleniumhq\selenium\selenium-devtools-v122\4.19.1\selenium-devtools-v122-4.19.1.jar;C:\Users\TOSHIBA\.m2\repository\org\seleniumhq\selenium\selenium-devtools-v123\4.19.1\selenium-devtools-v123-4.19.1.jar;C:\Users\TOSHIBA\.m2\repository\org\seleniumhq\selenium\selenium-devtools-v85\4.19.1\selenium-devtools-v85-4.19.1.jar;C:\Users\TOSHIBA\.m2\repository\org\seleniumhq\selenium\selenium-edge-driver\4.19.1\selenium-edge-driver-4.19.1.jar;C:\Users\TOSHIBA\.m2\repository\org\
Launcher Type: SUN_STANDARD

[Global flags]
     intx CICompilerCount                          = 3                                         {product} {ergonomic}
     uint ConcGCThreads                            = 1                                         {product} {ergonomic}
     uint G1ConcRefinementThreads                  = 4                                         {product} {ergonomic}
   size_t G1HeapRegionSize                         = 1048576                                   {product} {ergonomic}
    uintx GCDrainStackTargetSize                   = 64                                        {product} {ergonomic}
   size_t InitialHeapSize                          = 67108864                                  {product} {ergonomic}
   size_t MarkStackSize                            = 4194304                                   {product} {ergonomic}
   size_t MaxHeapSize                              = 1048576000                                {product} {ergonomic}
   size_t MaxNewSize                               = 629145600                                 {product} {ergonomic}
   size_t MinHeapDeltaBytes                        = 1048576                                   {product} {ergonomic}
   size_t MinHeapSize                              = 8388608                                   {product} {ergonomic}
    uintx NonNMethodCodeHeapSize                   = 5832780                                {pd product} {ergonomic}
    uintx NonProfiledCodeHeapSize                  = 122912730                              {pd product} {ergonomic}
    uintx ProfiledCodeHeapSize                     = 122912730                              {pd product} {ergonomic}
    uintx ReservedCodeCacheSize                    = 251658240                              {pd product} {ergonomic}
     bool SegmentedCodeCache                       = true                                      {product} {ergonomic}
     bool ShowCodeDetailsInExceptionMessages       = true                                   {manageable} {command line}
   size_t SoftMaxHeapSize                          = 1048576000                             {manageable} {ergonomic}
     bool UseCompressedClassPointers               = true                           {product lp64_product} {ergonomic}
     bool UseCompressedOops                        = true                           {product lp64_product} {ergonomic}
     bool UseG1GC                                  = true                                      {product} {ergonomic}
     bool UseLargePagesIndividualAllocation        = false                                  {pd product} {ergonomic}

Logging:
Log output configuration:
 #0: stdout all=warning uptime,level,tags
 #1: stderr all=off uptime,level,tags

Environment Variables:
JAVA_HOME=C:\Program Files (x86)\jdk-17.0.10
PATH=C:/Users/TOSHIBA/.p2/pool/plugins/org.eclipse.justj.openjdk.hotspot.jre.full.win32.x86_64_17.0.10.v20240120-1143/jre/bin/server;C:/Users/TOSHIBA/.p2/pool/plugins/org.eclipse.justj.openjdk.hotspot.jre.full.win32.x86_64_17.0.10.v20240120-1143/jre/bin;C:\Program Files (x86)\jdk-17.0.10\bin;C:\Python312\Scripts\;C:\Python312\;C:\Windows\system32;C:\Windows;C:\Windows\System32\Wbem;C:\Windows\System32\WindowsPowerShell\v1.0\;C:\Windows\System32\OpenSSH\;C:\Program Files\Git\cmd;C:\Program Files (x86)\jdk-17.0.10\bin;C:\Program Files\nodejs\;C:\ProgramData\chocolatey\bin;C:\Users\TOSHIBA\AppData\Local\Microsoft\WindowsApps;C:\Users\TOSHIBA\AppData\Roaming\npm;C:\Program Files\Mozilla Firefox\firefox.exe;C:\Users\TOSHIBA\Downloads\geckodriver-v0.34.0-win32\geckodriver.exe;;C:\Users\TOSHIBA\Desktop;
USERNAME=TOSHIBA
OS=Windows_NT
PROCESSOR_IDENTIFIER=Intel64 Family 6 Model 42 Stepping 7, GenuineIntel
TMP=C:\Users\TOSHIBA\AppData\Local\Temp
TEMP=C:\Users\TOSHIBA\AppData\Local\Temp



Periodic native trim disabled


---------------  S Y S T E M  ---------------

OS:
 Windows 10 , 64 bit Build 19041 (10.0.19041.3636)
OS uptime: 2 days 2:50 hours

CPU: total 4 (initial active 4) (2 cores per cpu, 2 threads per core) family 6 model 42 stepping 7 microcode 0x2f, cx8, cmov, fxsr, ht, mmx, sse, sse2, sse3, ssse3, sse4.1, sse4.2, popcnt, tsc, tscinvbit, avx, aes, clmul, vzeroupper, clflush
Processor Information for all 4 processors :
  Max Mhz: 1601, Current Mhz: 1601, Mhz Limit: 1601

Memory: 4k page, system-wide physical 3996M (138M free)
TotalPageFile size 16284M (AvailPageFile size 4M)
current process WorkingSet (physical memory assigned to process): 141M, peak: 149M
current process commit charge ("private bytes"): 170M, peak: 189M

vm_info: OpenJDK 64-Bit Server VM (17.0.10+7) for windows-amd64 JRE (17.0.10+7), built on Jan 16 2024 23:25:11 by "admin" with MS VC++ 16.10 / 16.11 (VS2019)

END.
